{"level":"INFO","message":"[12:17:42.923 PM]: Creating new connection object"}
{"level":"INFO","message":"[12:17:42.974 PM]: Creating Connection[id: bee2f560-14c1-4053-b150-11903406d002] with host: SANOFI-EMEA_IA.snowflakecomputing.com, account: SANOFI-EMEA_IA, accessUrl: https://SANOFI-EMEA_IA.snowflakecomputing.com, user: IBRAHIM.HAMMED2@SANOFI.COM, role: ONEMNS_PROD_ANALYTICS_PROC, database: ONEMNS_PROD, schema: DMT_BOM, warehouse: ONEMNS_PROD_WH_ANALYTICS, proxy was not configured, password is not provided, region: undefined, authenticator: EXTERNALBROWSER, ocsp mode: FAIL_OPEN, os: win32, os version: 10.0.22631"}
{"level":"INFO","message":"[12:17:42.975 PM]: Connection[id: bee2f560-14c1-4053-b150-11903406d002] additional details: passcode in password is provided, passcode is not provided, private key is not provided, application: undefined, client name: snowflake-sdk, client version: 2.0.3, retry timeout: 300, private key path: undefined, private key pass is not provided, client store temporary credential: false, browser response timeout: 120000"}
{"level":"INFO","message":"[12:17:42.976 PM]: Connection[id: bee2f560-14c1-4053-b150-11903406d002] - connection object created successfully."}
{"level":"INFO","message":"[12:17:42.977 PM]: Connection[id: bee2f560-14c1-4053-b150-11903406d002] - async connecting. Associated Snowflake domain: GLOBAL"}
{"level":"INFO","message":"[12:17:42.978 PM]: Trying to initialize Easy Logging"}
{"level":"INFO","message":"[12:17:42.982 PM]: No client config detected."}
{"level":"INFO","message":"[12:17:42.983 PM]: No config file path found. Client config will not be used."}
{"level":"INFO","message":"[12:17:42.984 PM]: Easy Logging is disabled as no config has been found"}
{"level":"INFO","message":"[12:17:43.182 PM]: Creating new connection object"}
{"level":"INFO","message":"[12:17:43.183 PM]: Creating Connection[id: b8cce404-50cd-41f8-988f-04ec551d273f] with host: SANOFI-EMEA_IA.snowflakecomputing.com, account: SANOFI-EMEA_IA, accessUrl: https://SANOFI-EMEA_IA.snowflakecomputing.com, user: IBRAHIM.HAMMED2@SANOFI.COM, role: ONEMNS_PROD_ANALYTICS_PROC, database: ONEMNS_PROD, schema: DMT_BOM, warehouse: ONEMNS_PROD_WH_ANALYTICS, proxy was not configured, password is not provided, region: undefined, authenticator: EXTERNALBROWSER, ocsp mode: FAIL_OPEN, os: win32, os version: 10.0.22631"}
{"level":"INFO","message":"[12:17:43.184 PM]: Connection[id: b8cce404-50cd-41f8-988f-04ec551d273f] additional details: passcode in password is provided, passcode is not provided, private key is not provided, application: undefined, client name: snowflake-sdk, client version: 2.0.3, retry timeout: 300, private key path: undefined, private key pass is not provided, client store temporary credential: false, browser response timeout: 120000"}
{"level":"INFO","message":"[12:17:43.184 PM]: Connection[id: b8cce404-50cd-41f8-988f-04ec551d273f] - connection object created successfully."}
{"level":"INFO","message":"[12:17:43.184 PM]: Connection[id: b8cce404-50cd-41f8-988f-04ec551d273f] - async connecting. Associated Snowflake domain: GLOBAL"}
{"level":"INFO","message":"[12:17:43.763 PM]: Creating new connection object"}
{"level":"INFO","message":"[12:17:43.764 PM]: Creating Connection[id: 0f9392e1-539c-4ad1-b6dd-b14419015d8b] with host: SANOFI-EMEA_IA.snowflakecomputing.com, account: SANOFI-EMEA_IA, accessUrl: https://SANOFI-EMEA_IA.snowflakecomputing.com, user: IBRAHIM.HAMMED2@SANOFI.COM, role: ONEMNS_PROD_ANALYTICS_PROC, database: ONEMNS_PROD, schema: DMT_BOM, warehouse: ONEMNS_PROD_WH_ANALYTICS, proxy was not configured, password is not provided, region: undefined, authenticator: EXTERNALBROWSER, ocsp mode: FAIL_OPEN, os: win32, os version: 10.0.22631"}
{"level":"INFO","message":"[12:17:43.764 PM]: Connection[id: 0f9392e1-539c-4ad1-b6dd-b14419015d8b] additional details: passcode in password is provided, passcode is not provided, private key is not provided, application: undefined, client name: snowflake-sdk, client version: 2.0.3, retry timeout: 300, private key path: undefined, private key pass is not provided, client store temporary credential: false, browser response timeout: 120000"}
{"level":"INFO","message":"[12:17:43.764 PM]: Connection[id: 0f9392e1-539c-4ad1-b6dd-b14419015d8b] - connection object created successfully."}
{"level":"INFO","message":"[12:17:43.765 PM]: Connection[id: 0f9392e1-539c-4ad1-b6dd-b14419015d8b] - async connecting. Associated Snowflake domain: GLOBAL"}
{"level":"INFO","message":"[12:17:44.137 PM]: Creating new connection object"}
{"level":"INFO","message":"[12:17:44.138 PM]: Creating Connection[id: ab32b931-86d2-4d96-adb1-a671c48b1420] with host: SANOFI-EMEA_IA.snowflakecomputing.com, account: SANOFI-EMEA_IA, accessUrl: https://SANOFI-EMEA_IA.snowflakecomputing.com, user: IBRAHIM.HAMMED2@SANOFI.COM, role: ONEMNS_PROD_ANALYTICS_PROC, database: ONEMNS_PROD, schema: DMT_BOM, warehouse: ONEMNS_PROD_WH_ANALYTICS, proxy was not configured, password is not provided, region: undefined, authenticator: EXTERNALBROWSER, ocsp mode: FAIL_OPEN, os: win32, os version: 10.0.22631"}
{"level":"INFO","message":"[12:17:44.138 PM]: Connection[id: ab32b931-86d2-4d96-adb1-a671c48b1420] additional details: passcode in password is provided, passcode is not provided, private key is not provided, application: undefined, client name: snowflake-sdk, client version: 2.0.3, retry timeout: 300, private key path: undefined, private key pass is not provided, client store temporary credential: false, browser response timeout: 120000"}
{"level":"INFO","message":"[12:17:44.138 PM]: Connection[id: ab32b931-86d2-4d96-adb1-a671c48b1420] - connection object created successfully."}
{"level":"INFO","message":"[12:17:44.138 PM]: Connection[id: ab32b931-86d2-4d96-adb1-a671c48b1420] - async connecting. Associated Snowflake domain: GLOBAL"}
{"level":"INFO","message":"[12:17:44.703 PM]: Creating new connection object"}
{"level":"INFO","message":"[12:17:44.704 PM]: Creating Connection[id: 35354965-9a91-482c-849c-ee304bf2c343] with host: SANOFI-EMEA_IA.snowflakecomputing.com, account: SANOFI-EMEA_IA, accessUrl: https://SANOFI-EMEA_IA.snowflakecomputing.com, user: IBRAHIM.HAMMED2@SANOFI.COM, role: ONEMNS_PROD_ANALYTICS_PROC, database: ONEMNS_PROD, schema: DMT_BOM, warehouse: ONEMNS_PROD_WH_ANALYTICS, proxy was not configured, password is not provided, region: undefined, authenticator: EXTERNALBROWSER, ocsp mode: FAIL_OPEN, os: win32, os version: 10.0.22631"}
{"level":"INFO","message":"[12:17:44.705 PM]: Connection[id: 35354965-9a91-482c-849c-ee304bf2c343] additional details: passcode in password is provided, passcode is not provided, private key is not provided, application: undefined, client name: snowflake-sdk, client version: 2.0.3, retry timeout: 300, private key path: undefined, private key pass is not provided, client store temporary credential: false, browser response timeout: 120000"}
{"level":"INFO","message":"[12:17:44.705 PM]: Connection[id: 35354965-9a91-482c-849c-ee304bf2c343] - connection object created successfully."}
{"level":"INFO","message":"[12:17:44.705 PM]: Connection[id: 35354965-9a91-482c-849c-ee304bf2c343] - async connecting. Associated Snowflake domain: GLOBAL"}
{"level":"INFO","message":"[12:17:45.197 PM]: Creating new connection object"}
{"level":"INFO","message":"[12:17:45.198 PM]: Creating Connection[id: e8237a60-8b9c-4707-9b5d-157a50971248] with host: SANOFI-EMEA_IA.snowflakecomputing.com, account: SANOFI-EMEA_IA, accessUrl: https://SANOFI-EMEA_IA.snowflakecomputing.com, user: IBRAHIM.HAMMED2@SANOFI.COM, role: ONEMNS_PROD_ANALYTICS_PROC, database: ONEMNS_PROD, schema: DMT_BOM, warehouse: ONEMNS_PROD_WH_ANALYTICS, proxy was not configured, password is not provided, region: undefined, authenticator: EXTERNALBROWSER, ocsp mode: FAIL_OPEN, os: win32, os version: 10.0.22631"}
{"level":"INFO","message":"[12:17:45.198 PM]: Connection[id: e8237a60-8b9c-4707-9b5d-157a50971248] additional details: passcode in password is provided, passcode is not provided, private key is not provided, application: undefined, client name: snowflake-sdk, client version: 2.0.3, retry timeout: 300, private key path: undefined, private key pass is not provided, client store temporary credential: false, browser response timeout: 120000"}
{"level":"INFO","message":"[12:17:45.199 PM]: Connection[id: e8237a60-8b9c-4707-9b5d-157a50971248] - connection object created successfully."}
{"level":"INFO","message":"[12:17:45.199 PM]: Connection[id: e8237a60-8b9c-4707-9b5d-157a50971248] - async connecting. Associated Snowflake domain: GLOBAL"}
{"level":"INFO","message":"[12:17:45.734 PM]: Creating new connection object"}
{"level":"INFO","message":"[12:17:45.735 PM]: Creating Connection[id: fa2664dd-556c-45f3-93a3-0e4c714b39f7] with host: SANOFI-EMEA_IA.snowflakecomputing.com, account: SANOFI-EMEA_IA, accessUrl: https://SANOFI-EMEA_IA.snowflakecomputing.com, user: IBRAHIM.HAMMED2@SANOFI.COM, role: ONEMNS_PROD_ANALYTICS_PROC, database: ONEMNS_PROD, schema: DMT_BOM, warehouse: ONEMNS_PROD_WH_ANALYTICS, proxy was not configured, password is not provided, region: undefined, authenticator: EXTERNALBROWSER, ocsp mode: FAIL_OPEN, os: win32, os version: 10.0.22631"}
{"level":"INFO","message":"[12:17:45.736 PM]: Connection[id: fa2664dd-556c-45f3-93a3-0e4c714b39f7] additional details: passcode in password is provided, passcode is not provided, private key is not provided, application: undefined, client name: snowflake-sdk, client version: 2.0.3, retry timeout: 300, private key path: undefined, private key pass is not provided, client store temporary credential: false, browser response timeout: 120000"}
{"level":"INFO","message":"[12:17:45.736 PM]: Connection[id: fa2664dd-556c-45f3-93a3-0e4c714b39f7] - connection object created successfully."}
{"level":"INFO","message":"[12:17:45.736 PM]: Connection[id: fa2664dd-556c-45f3-93a3-0e4c714b39f7] - async connecting. Associated Snowflake domain: GLOBAL"}
{"level":"INFO","message":"[12:17:46.195 PM]: Creating new connection object"}
{"level":"INFO","message":"[12:17:46.203 PM]: Creating Connection[id: 3a8f00ed-f9b9-4692-b6ba-2b968aacd76b] with host: SANOFI-EMEA_IA.snowflakecomputing.com, account: SANOFI-EMEA_IA, accessUrl: https://SANOFI-EMEA_IA.snowflakecomputing.com, user: IBRAHIM.HAMMED2@SANOFI.COM, role: ONEMNS_PROD_ANALYTICS_PROC, database: ONEMNS_PROD, schema: DMT_BOM, warehouse: ONEMNS_PROD_WH_ANALYTICS, proxy was not configured, password is not provided, region: undefined, authenticator: EXTERNALBROWSER, ocsp mode: FAIL_OPEN, os: win32, os version: 10.0.22631"}
{"level":"INFO","message":"[12:17:46.214 PM]: Connection[id: 3a8f00ed-f9b9-4692-b6ba-2b968aacd76b] additional details: passcode in password is provided, passcode is not provided, private key is not provided, application: undefined, client name: snowflake-sdk, client version: 2.0.3, retry timeout: 300, private key path: undefined, private key pass is not provided, client store temporary credential: false, browser response timeout: 120000"}
{"level":"INFO","message":"[12:17:46.215 PM]: Connection[id: 3a8f00ed-f9b9-4692-b6ba-2b968aacd76b] - connection object created successfully."}
{"level":"INFO","message":"[12:17:46.220 PM]: Connection[id: 3a8f00ed-f9b9-4692-b6ba-2b968aacd76b] - async connecting. Associated Snowflake domain: GLOBAL"}
{"level":"INFO","message":"[12:17:47.405 PM]: Creating new connection object"}
{"level":"INFO","message":"[12:17:47.407 PM]: Creating Connection[id: b3f650ec-d004-420e-b6ec-8088f1ba469c] with host: SANOFI-EMEA_IA.snowflakecomputing.com, account: SANOFI-EMEA_IA, accessUrl: https://SANOFI-EMEA_IA.snowflakecomputing.com, user: IBRAHIM.HAMMED2@SANOFI.COM, role: ONEMNS_PROD_ANALYTICS_PROC, database: ONEMNS_PROD, schema: DMT_BOM, warehouse: ONEMNS_PROD_WH_ANALYTICS, proxy was not configured, password is not provided, region: undefined, authenticator: EXTERNALBROWSER, ocsp mode: FAIL_OPEN, os: win32, os version: 10.0.22631"}
{"level":"INFO","message":"[12:17:47.409 PM]: Connection[id: b3f650ec-d004-420e-b6ec-8088f1ba469c] additional details: passcode in password is provided, passcode is not provided, private key is not provided, application: undefined, client name: snowflake-sdk, client version: 2.0.3, retry timeout: 300, private key path: undefined, private key pass is not provided, client store temporary credential: false, browser response timeout: 120000"}
{"level":"INFO","message":"[12:17:47.410 PM]: Connection[id: b3f650ec-d004-420e-b6ec-8088f1ba469c] - connection object created successfully."}
{"level":"INFO","message":"[12:17:47.410 PM]: Connection[id: b3f650ec-d004-420e-b6ec-8088f1ba469c] - async connecting. Associated Snowflake domain: GLOBAL"}
{"level":"INFO","message":"[12:17:54.685 PM]: Connection[id: ab32b931-86d2-4d96-adb1-a671c48b1420] - authentication successful using: EXTERNALBROWSER"}
{"level":"INFO","message":"[12:17:54.690 PM]: Connection[id: ab32b931-86d2-4d96-adb1-a671c48b1420] - connected successfully after 10551.803200000024 milliseconds"}
{"level":"INFO","message":"[12:17:54.745 PM]: Connection[id: e8237a60-8b9c-4707-9b5d-157a50971248] - authentication successful using: EXTERNALBROWSER"}
{"level":"INFO","message":"[12:17:54.747 PM]: Connection[id: e8237a60-8b9c-4707-9b5d-157a50971248] - connected successfully after 9548.075799999991 milliseconds"}
{"level":"INFO","message":"[12:17:54.993 PM]: Connection[id: 0f9392e1-539c-4ad1-b6dd-b14419015d8b] - authentication successful using: EXTERNALBROWSER"}
{"level":"INFO","message":"[12:17:54.994 PM]: Connection[id: 0f9392e1-539c-4ad1-b6dd-b14419015d8b] - connected successfully after 11229.131999999983 milliseconds"}
{"level":"INFO","message":"[12:17:55.283 PM]: Connection[id: bee2f560-14c1-4053-b150-11903406d002] - authentication successful using: EXTERNALBROWSER"}
{"level":"INFO","message":"[12:17:55.284 PM]: Connection[id: bee2f560-14c1-4053-b150-11903406d002] - connected successfully after 12307.340000000026 milliseconds"}
{"level":"INFO","message":"[12:17:56.369 PM]: Connection[id: 35354965-9a91-482c-849c-ee304bf2c343] - authentication successful using: EXTERNALBROWSER"}
{"level":"INFO","message":"[12:17:56.371 PM]: Connection[id: 35354965-9a91-482c-849c-ee304bf2c343] - connected successfully after 11665.526000000013 milliseconds"}
{"level":"INFO","message":"[12:17:56.430 PM]: Connection[id: b8cce404-50cd-41f8-988f-04ec551d273f] - authentication successful using: EXTERNALBROWSER"}
{"level":"INFO","message":"[12:17:56.431 PM]: Connection[id: b8cce404-50cd-41f8-988f-04ec551d273f] - connected successfully after 13247.098799999978 milliseconds"}
{"level":"INFO","message":"[12:17:56.635 PM]: Connection[id: fa2664dd-556c-45f3-93a3-0e4c714b39f7] - authentication successful using: EXTERNALBROWSER"}
{"level":"INFO","message":"[12:17:56.636 PM]: Connection[id: fa2664dd-556c-45f3-93a3-0e4c714b39f7] - connected successfully after 10899.892099999997 milliseconds"}
{"level":"INFO","message":"[12:17:57.076 PM]: Connection[id: 3a8f00ed-f9b9-4692-b6ba-2b968aacd76b] - authentication successful using: EXTERNALBROWSER"}
{"level":"INFO","message":"[12:17:57.077 PM]: Connection[id: 3a8f00ed-f9b9-4692-b6ba-2b968aacd76b] - connected successfully after 10856.88010000001 milliseconds"}
{"level":"INFO","message":"[12:17:57.525 PM]: Connection[id: b3f650ec-d004-420e-b6ec-8088f1ba469c] - authentication successful using: EXTERNALBROWSER"}
{"level":"INFO","message":"[12:17:57.526 PM]: Connection[id: b3f650ec-d004-420e-b6ec-8088f1ba469c] - connected successfully after 10115.261999999988 milliseconds"}
{"level":"INFO","message":"[4:12:28.704 PM]: Creating new connection object"}
{"level":"INFO","message":"[4:12:28.741 PM]: Creating Connection[id: 33cefb45-9dc1-4a7a-8d17-4cdc4d35c2a0] with host: SANOFI-EMEA_IA.snowflakecomputing.com, account: SANOFI-EMEA_IA, accessUrl: https://SANOFI-EMEA_IA.snowflakecomputing.com, user: IBRAHIM.HAMMED2@SANOFI.COM, role: ONEMNS_PROD_ANALYTICS_PROC, database: ONEMNS_PROD, schema: DMT_BOM, warehouse: ONEMNS_PROD_WH_ANALYTICS, proxy was not configured, password is not provided, region: undefined, authenticator: EXTERNALBROWSER, ocsp mode: FAIL_OPEN, os: win32, os version: 10.0.22631"}
{"level":"INFO","message":"[4:12:28.742 PM]: Connection[id: 33cefb45-9dc1-4a7a-8d17-4cdc4d35c2a0] additional details: passcode in password is provided, passcode is not provided, private key is not provided, application: undefined, client name: snowflake-sdk, client version: 2.0.3, retry timeout: 300, private key path: undefined, private key pass is not provided, client store temporary credential: false, browser response timeout: 120000"}
{"level":"INFO","message":"[4:12:28.743 PM]: Connection[id: 33cefb45-9dc1-4a7a-8d17-4cdc4d35c2a0] - connection object created successfully."}
{"level":"INFO","message":"[4:12:28.744 PM]: Connection[id: 33cefb45-9dc1-4a7a-8d17-4cdc4d35c2a0] - async connecting. Associated Snowflake domain: GLOBAL"}
{"level":"INFO","message":"[4:12:28.745 PM]: Trying to initialize Easy Logging"}
{"level":"INFO","message":"[4:12:28.753 PM]: No client config detected."}
{"level":"INFO","message":"[4:12:28.753 PM]: No config file path found. Client config will not be used."}
{"level":"INFO","message":"[4:12:28.754 PM]: Easy Logging is disabled as no config has been found"}
{"level":"INFO","message":"[4:12:33.054 PM]: Connection[id: 33cefb45-9dc1-4a7a-8d17-4cdc4d35c2a0] - authentication successful using: EXTERNALBROWSER"}
{"level":"INFO","message":"[4:12:33.058 PM]: Connection[id: 33cefb45-9dc1-4a7a-8d17-4cdc4d35c2a0] - connected successfully after 4313.6852 milliseconds"}
{"level":"INFO","message":"[4:41:17.024 PM]: Creating new connection object"}
{"level":"INFO","message":"[4:41:17.053 PM]: Creating Connection[id: 33315089-ad63-43b8-ad05-05ea7a26b6f7] with host: SANOFI-EMEA_IA.snowflakecomputing.com, account: SANOFI-EMEA_IA, accessUrl: https://SANOFI-EMEA_IA.snowflakecomputing.com, user: IBRAHIM.HAMMED2@SANOFI.COM, role: ONEMNS_PROD_ANALYTICS_PROC, database: ONEMNS_PROD, schema: DMT_BOM, warehouse: ONEMNS_PROD_WH_ANALYTICS, proxy was not configured, password is not provided, region: undefined, authenticator: EXTERNALBROWSER, ocsp mode: FAIL_OPEN, os: win32, os version: 10.0.22631"}
{"level":"INFO","message":"[4:41:17.055 PM]: Connection[id: 33315089-ad63-43b8-ad05-05ea7a26b6f7] additional details: passcode in password is provided, passcode is not provided, private key is not provided, application: undefined, client name: snowflake-sdk, client version: 2.0.3, retry timeout: 300, private key path: undefined, private key pass is not provided, client store temporary credential: false, browser response timeout: 120000"}
{"level":"INFO","message":"[4:41:17.055 PM]: Connection[id: 33315089-ad63-43b8-ad05-05ea7a26b6f7] - connection object created successfully."}
{"level":"INFO","message":"[4:41:17.057 PM]: Connection[id: 33315089-ad63-43b8-ad05-05ea7a26b6f7] - async connecting. Associated Snowflake domain: GLOBAL"}
{"level":"INFO","message":"[4:41:17.058 PM]: Trying to initialize Easy Logging"}
{"level":"INFO","message":"[4:41:17.074 PM]: No client config detected."}
{"level":"INFO","message":"[4:41:17.079 PM]: No config file path found. Client config will not be used."}
{"level":"INFO","message":"[4:41:17.080 PM]: Easy Logging is disabled as no config has been found"}
{"level":"INFO","message":"[4:41:21.723 PM]: Connection[id: 33315089-ad63-43b8-ad05-05ea7a26b6f7] - authentication successful using: EXTERNALBROWSER"}
{"level":"INFO","message":"[4:41:21.728 PM]: Connection[id: 33315089-ad63-43b8-ad05-05ea7a26b6f7] - connected successfully after 4671.001200000001 milliseconds"}
{"level":"INFO","message":"[8:41:08.255 AM]: Creating new connection object"}
{"level":"INFO","message":"[8:41:08.273 AM]: Creating Connection[id: 397545d9-ede9-4f80-8371-8d56e7ee702d] with host: SANOFI-EMEA_IA.snowflakecomputing.com, account: SANOFI-EMEA_IA, accessUrl: https://SANOFI-EMEA_IA.snowflakecomputing.com, user: IBRAHIM.HAMMED2@SANOFI.COM, role: ONEMNS_PROD_ANALYTICS_PROC, database: ONEMNS_PROD, schema: DMT_BOM, warehouse: ONEMNS_PROD_WH_ANALYTICS, proxy was not configured, password is not provided, region: undefined, authenticator: EXTERNALBROWSER, ocsp mode: FAIL_OPEN, os: win32, os version: 10.0.22631"}
{"level":"INFO","message":"[8:41:08.274 AM]: Connection[id: 397545d9-ede9-4f80-8371-8d56e7ee702d] additional details: passcode in password is provided, passcode is not provided, private key is not provided, application: undefined, client name: snowflake-sdk, client version: 2.0.3, retry timeout: 300, private key path: undefined, private key pass is not provided, client store temporary credential: false, browser response timeout: 120000"}
{"level":"INFO","message":"[8:41:08.274 AM]: Connection[id: 397545d9-ede9-4f80-8371-8d56e7ee702d] - connection object created successfully."}
{"level":"INFO","message":"[8:41:08.275 AM]: Connection[id: 397545d9-ede9-4f80-8371-8d56e7ee702d] - async connecting. Associated Snowflake domain: GLOBAL"}
{"level":"INFO","message":"[8:41:08.276 AM]: Trying to initialize Easy Logging"}
{"level":"INFO","message":"[8:41:08.280 AM]: No client config detected."}
{"level":"INFO","message":"[8:41:08.280 AM]: No config file path found. Client config will not be used."}
{"level":"INFO","message":"[8:41:08.281 AM]: Easy Logging is disabled as no config has been found"}
{"level":"INFO","message":"[8:41:12.532 AM]: Connection[id: 397545d9-ede9-4f80-8371-8d56e7ee702d] - authentication successful using: EXTERNALBROWSER"}
{"level":"INFO","message":"[8:41:12.537 AM]: Connection[id: 397545d9-ede9-4f80-8371-8d56e7ee702d] - connected successfully after 4261.4582 milliseconds"}
